CARGO 1 – ANALISTA I – ÁREA 1/DF 10054736
10103382
10068712
10109059
10027629
10006081
10043769
10056842
10095314
10069275
10067088
10049927
1010904 4 CARGO 1 – ANALISTA I – ÁREA 3/DF 10024136
10053175
10026086
10033005
10067501
10012962
10034843
10032184
10102975
10061507
10020484
10079548
10071696
10025111
10091701
10057735
10071327
10037853
10011573
10074451
10053469
10083003
10013552
10073152
10051388
10007552
10032300
10018237
10065470
10031116
10037839
10118697
10017672
10052487
10094371
10107834
10117578
10057275
10049657
10054696
10070765
10057640
10032392
10112386
10009431
10034674
10010165
10079118
10087704
10074145
10074079
10087236
10073654
10076855
10082345
10020010
10014428
10063702
10000727
10008189
10095736
10066955
10083674
10062414
10066190
10019600
10063978
10032923
10085139
10047532
10005361
10091735
10072574
10031294
10089810
10088877
10018576
10102542
10022212
10082340
10015315
10000037
10058721
10033079
10017348
10022105
10004629
10040448
10063505
10001661
10051335
10044389
10062959
10048169
10006673
10067277
10080030
10069916
10036447
10053296
10037481
10076836
10035391
10074852
10042081
10069918
10117233
10082787
10077222
10004097
10002954
10106115
10101905
 6 10035486
10085271
10000133
10079896
10024164
10087263
10020241
10080164
10084327
10050237
10062242
10044742
10014050
10067585
10069634
10029644
10049116
10022220
10009752
10027420
10021096
10017803
10107397
10034975
10067371
10112718
10028346
10019647
10076854
10049095
10045947
10084402
10053929
10061807
10031340
10061305
10088061
10006452
10045242
10000662
10031648
10004225
10001903
10074891
10064280
10124160
10125140
10095842
10042794
10104544
10004831
10051665
10008590
10004765
10036092
10039263
10024168
10093822
10027998
10030235
10022205
10002618
10047836
10026510
10035236
10030742
10112113
10014655
10116706
10054687
10003703
10062650
10046087
10115710
10039584
10007462
10045964
10107015
10013746
10021799
10004563
10084887
10016945
10050772
10066356
10071307
10068840
10079198
10065080
10051195
10108445
10090749
10008299
10022776
10019272
10060696
10015721
10082559
10062834
10106744
10003707
10096743
10024260
10000272
10024819
10065092
10050758
10066376
10003191
10016044
10099296
10097602
10103331
10063473
10088162
10060738
10121318
10032240
10034540
10027010
10086450
10071760
10118164
10072286
10064369
10015510
10000050
10069607
10072818
10035265
10083465
10029093
10069268
10022681
10079522
10067177
10011339
10007318
10104557
10076634
10015968
10000773
10087529
10086341
10092045
10005672
10115691
10082125
10022890
10085252
10032092
10061977
10096821
10019761
10055672
10114535
10041296
10069959
10033316
10002311
10024983
10077552
10003380
10061487
10040369
10069192
10006703
10022119
10025350
10033996
10057652
10098584
10002565
10063766
10023798
10028259
10084201
10072626
10033253
10003493
10032357
10087543
10044242
10006704
10028837
10039823
10039027
10067107
10114332
10098091
10061385
10036304
10105723
10082471
10068296
10045359
10102293
10075691
10077947
10009471
10071885
10068215
10082128
10033432
10050154
10032748
10089029
10043311
10036167
10024439
10044482
10019476
10048467
10004623
10019530
10001490
10001698
10096534
10029907
10021334
10045657
10051216
10039482
10029896
10028156
10044753
10061666
10018992
10014068
10069618
10061513
10089593
10005382
10006228
10063748
10102752
10035546
10111735
10069686
10079110
10011811
10015457
10067125
10057304
10014280
10101714
10110469
10005426
10068576
10069653
10055665
10031049
10021871
10092950
10095027
10038627
10027904
10076869
10005836
10041400
10021908
10002982
10027756
10067369
10074158
10014417
10034490
10011424
10060946
10001304
10070225
10065765
10057241
10009402
10116477
10104596
10036448
10009325
10024243
10041747
10000729
10005308
10061285
10081788
10021486
10103029
10048476
10097158
10117265
10034007
10072828
10008441
10010208
10108994
10076093
10023307
10016669
10052167
10065756
10006642
10023352
10048183
10020631
10000069
10072621
10028433
10116841
10081352
10079535
10057899
10066007
10062272
10112417
10047660
10085917
10008247
10052588
10003326
10033794
10084231
10057025
10086391
10077149
10001924
10021599
10109127
10093276
10003300
10050474
10096352
10054379
10002647
10039605
10027233
10111223
10104176
10018493
10042073
10017509
10011107
10090251
10050429
10086059
10001709
10051686
10069995
10000771
10001905
